<?xml version="1.0" encoding="UTF-8"?>
<!-- Generated by org.testng.reporters.JUnitXMLReporter -->
<testsuite hostname="OND2C00873265" name="OW Smoke Test Name" tests="3" failures="1" timestamp="22 Apr 2016 20:29:55 GMT" time="0.047" errors="0">
  <testcase name="TestOne" time="0.007" classname="edu.reporter.NewTest">
    <failure type="java.lang.AssertionError" message="test one failed">
      <![CDATA[java.lang.AssertionError: test one failed
	at edu.reporter.NewTest.TestOne(NewTest.java:11)
... Removed 25 stack frames]]>
    </failure>
  </testcase> <!-- TestOne -->
  <testcase name="TestTwo" time="0.003" classname="edu.reporter.NewTest"/>
  <testcase name="TestThree" time="0.002" classname="edu.reporter.NewTestTwo"/>
</testsuite> <!-- OW Smoke Test Name -->
