<?xml version="1.0" encoding="UTF-8"?>
<testng-results skipped="0" failed="1" total="3" passed="2">
  <reporter-output>
  </reporter-output>
  <suite name="OW Smoke Test Suite Name" duration-ms="47" started-at="2016-04-22T20:29:55Z" finished-at="2016-04-22T20:29:55Z">
    <groups>
    </groups>
    <test name="OW Smoke Test Name" duration-ms="47" started-at="2016-04-22T20:29:55Z" finished-at="2016-04-22T20:29:55Z">
      <class name="edu.reporter.NewTest">
        <test-method status="PASS" signature="beforeMethod()[pri:0, instance:edu.reporter.NewTest@f86050]" name="beforeMethod" is-config="true" duration-ms="7" started-at="2016-04-22T16:29:55Z" finished-at="2016-04-22T16:29:55Z">
          <reporter-output>
          </reporter-output>
        </test-method> <!-- beforeMethod -->
        <test-method status="FAIL" signature="TestOne()[pri:0, instance:edu.reporter.NewTest@f86050]" name="TestOne" duration-ms="7" started-at="2016-04-22T16:29:55Z" finished-at="2016-04-22T16:29:55Z">
          <exception class="java.lang.AssertionError">
            <message>
              <![CDATA[test one failed]]>
            </message>
            <full-stacktrace>
              <![CDATA[java.lang.AssertionError: test one failed
	at org.testng.Assert.fail(Assert.java:89)
	at edu.reporter.NewTest.TestOne(NewTest.java:11)
	at sun.reflect.NativeMethodAccessorImpl.invoke0(Native Method)
	at sun.reflect.NativeMethodAccessorImpl.invoke(Unknown Source)
	at sun.reflect.DelegatingMethodAccessorImpl.invoke(Unknown Source)
	at java.lang.reflect.Method.invoke(Unknown Source)
	at org.testng.internal.MethodInvocationHelper.invokeMethod(MethodInvocationHelper.java:80)
	at org.testng.internal.Invoker.invokeMethod(Invoker.java:715)
	at org.testng.internal.Invoker.invokeTestMethod(Invoker.java:907)
	at org.testng.internal.Invoker.invokeTestMethods(Invoker.java:1237)
	at org.testng.internal.TestMethodWorker.invokeTestMethods(TestMethodWorker.java:127)
	at org.testng.internal.TestMethodWorker.run(TestMethodWorker.java:111)
	at org.testng.TestRunner.privateRun(TestRunner.java:767)
	at org.testng.TestRunner.run(TestRunner.java:617)
	at org.testng.SuiteRunner.runTest(SuiteRunner.java:334)
	at org.testng.SuiteRunner.runSequentially(SuiteRunner.java:329)
	at org.testng.SuiteRunner.privateRun(SuiteRunner.java:291)
	at org.testng.SuiteRunner.run(SuiteRunner.java:240)
	at org.testng.SuiteRunnerWorker.runSuite(SuiteRunnerWorker.java:51)
	at org.testng.SuiteRunnerWorker.run(SuiteRunnerWorker.java:85)
	at org.testng.TestNG.runSuitesSequentially(TestNG.java:1197)
	at org.testng.TestNG.runSuitesLocally(TestNG.java:1122)
	at org.testng.TestNG.run(TestNG.java:1030)
	at org.testng.remote.AbstractRemoteTestNG.run(AbstractRemoteTestNG.java:126)
	at org.testng.remote.RemoteTestNG.initAndRun(RemoteTestNG.java:137)
	at org.testng.remote.RemoteTestNG.main(RemoteTestNG.java:58)
]]>
            </full-stacktrace>
          </exception> <!-- java.lang.AssertionError -->
          <reporter-output>
          </reporter-output>
        </test-method> <!-- TestOne -->
        <test-method status="PASS" signature="afterMethod()[pri:0, instance:edu.reporter.NewTest@f86050]" name="afterMethod" is-config="true" duration-ms="1" started-at="2016-04-22T16:29:55Z" finished-at="2016-04-22T16:29:55Z">
          <reporter-output>
          </reporter-output>
        </test-method> <!-- afterMethod -->
        <test-method status="PASS" signature="TestTwo()[pri:0, instance:edu.reporter.NewTest@f86050]" name="TestTwo" duration-ms="3" started-at="2016-04-22T16:29:55Z" finished-at="2016-04-22T16:29:55Z">
          <reporter-output>
          </reporter-output>
        </test-method> <!-- TestTwo -->
        <test-method status="PASS" signature="beforeMethod()[pri:0, instance:edu.reporter.NewTest@f86050]" name="beforeMethod" is-config="true" duration-ms="0" started-at="2016-04-22T16:29:55Z" finished-at="2016-04-22T16:29:55Z">
          <reporter-output>
          </reporter-output>
        </test-method> <!-- beforeMethod -->
        <test-method status="PASS" signature="afterMethod()[pri:0, instance:edu.reporter.NewTest@f86050]" name="afterMethod" is-config="true" duration-ms="1" started-at="2016-04-22T16:29:55Z" finished-at="2016-04-22T16:29:55Z">
          <reporter-output>
          </reporter-output>
        </test-method> <!-- afterMethod -->
      </class> <!-- edu.reporter.NewTest -->
      <class name="edu.reporter.NewTestTwo">
        <test-method status="PASS" signature="beforeMethod()[pri:0, instance:edu.reporter.NewTestTwo@182d113]" name="beforeMethod" is-config="true" duration-ms="1" started-at="2016-04-22T16:29:55Z" finished-at="2016-04-22T16:29:55Z">
          <reporter-output>
          </reporter-output>
        </test-method> <!-- beforeMethod -->
        <test-method status="PASS" signature="TestThree()[pri:0, instance:edu.reporter.NewTestTwo@182d113]" name="TestThree" duration-ms="2" started-at="2016-04-22T16:29:55Z" finished-at="2016-04-22T16:29:55Z">
          <reporter-output>
          </reporter-output>
        </test-method> <!-- TestThree -->
        <test-method status="PASS" signature="afterMethod()[pri:0, instance:edu.reporter.NewTestTwo@182d113]" name="afterMethod" is-config="true" duration-ms="1" started-at="2016-04-22T16:29:55Z" finished-at="2016-04-22T16:29:55Z">
          <reporter-output>
          </reporter-output>
        </test-method> <!-- afterMethod -->
      </class> <!-- edu.reporter.NewTestTwo -->
    </test> <!-- OW Smoke Test Name -->
  </suite> <!-- OW Smoke Test Suite Name -->
</testng-results>
